## Footprint report - date 2026-01-01T17:47:08-0600
## Created by KiCad version 9.0.6
## Unit = mm, Angle = deg.

$BeginDESCRIPTION

$BOARD
upper_left_corner 80.439286 39.801750
lower_right_corner 118.829762 161.950000
$EndBOARD

$MODULE C1
footprint Capacitor_SMD:C_0805_2012Metric_Pad1.18x1.45mm_HandSolder
attribut smd
position 113.700000 66.700000  orientation 0.00
layer back
$PAD "1"
Shape Roundrect Layer back
position -1.037500  0.000000  size  1.175000  1.450000  orientation 0.00
drill  0.000000
shape_offset  0.000000  0.000000
$EndPAD
$PAD "2"
Shape Roundrect Layer back
position  1.037500  0.000000  size  1.175000  1.450000  orientation 0.00
drill  0.000000
shape_offset  0.000000  0.000000
$EndPAD
$EndMODULE  C1

$MODULE C2
footprint Capacitor_SMD:C_0805_2012Metric_Pad1.18x1.45mm_HandSolder
attribut smd
position 102.200000 88.800000  orientation 180.00
layer back
$PAD "1"
Shape Roundrect Layer back
position -1.037500  0.000000  size  1.175000  1.450000  orientation 0.00
drill  0.000000
shape_offset  0.000000  0.000000
$EndPAD
$PAD "2"
Shape Roundrect Layer back
position  1.037500  0.000000  size  1.175000  1.450000  orientation 0.00
drill  0.000000
shape_offset  0.000000  0.000000
$EndPAD
$EndMODULE  C2

$MODULE C4
footprint Capacitor_SMD:C_0805_2012Metric_Pad1.18x1.45mm_HandSolder
attribut smd
position 111.962500 57.500000  orientation 180.00
layer back
$PAD "1"
Shape Roundrect Layer back
position -1.037500  0.000000  size  1.175000  1.450000  orientation 0.00
drill  0.000000
shape_offset  0.000000  0.000000
$EndPAD
$PAD "2"
Shape Roundrect Layer back
position  1.037500  0.000000  size  1.175000  1.450000  orientation 0.00
drill  0.000000
shape_offset  0.000000  0.000000
$EndPAD
$EndMODULE  C4

$MODULE C5
footprint Capacitor_SMD:C_0805_2012Metric_Pad1.18x1.45mm_HandSolder
attribut smd
position 114.700000 70.800000  orientation 90.00
layer back
$PAD "1"
Shape Roundrect Layer back
position -1.037500  0.000000  size  1.175000  1.450000  orientation 0.00
drill  0.000000
shape_offset  0.000000  0.000000
$EndPAD
$PAD "2"
Shape Roundrect Layer back
position  1.037500  0.000000  size  1.175000  1.450000  orientation 0.00
drill  0.000000
shape_offset  0.000000  0.000000
$EndPAD
$EndMODULE  C5

$MODULE C6
footprint Capacitor_SMD:C_0805_2012Metric_Pad1.18x1.45mm_HandSolder
attribut smd
position 114.700000 74.900000  orientation 90.00
layer back
$PAD "1"
Shape Roundrect Layer back
position -1.037500  0.000000  size  1.175000  1.450000  orientation 0.00
drill  0.000000
shape_offset  0.000000  0.000000
$EndPAD
$PAD "2"
Shape Roundrect Layer back
position  1.037500  0.000000  size  1.175000  1.450000  orientation 0.00
drill  0.000000
shape_offset  0.000000  0.000000
$EndPAD
$EndMODULE  C6

$MODULE C7
footprint Capacitor_SMD:C_0805_2012Metric_Pad1.18x1.45mm_HandSolder
attribut smd
position 114.700000 104.900000  orientation -90.00
layer back
$PAD "1"
Shape Roundrect Layer back
position -1.037500  0.000000  size  1.175000  1.450000  orientation 360.00
drill  0.000000
shape_offset  0.000000  0.000000
$EndPAD
$PAD "2"
Shape Roundrect Layer back
position  1.037500  0.000000  size  1.175000  1.450000  orientation 360.00
drill  0.000000
shape_offset  0.000000  0.000000
$EndPAD
$EndMODULE  C7

$MODULE C8
footprint Capacitor_SMD:C_0805_2012Metric_Pad1.18x1.45mm_HandSolder
attribut smd
position 113.100000 96.200000  orientation 90.00
layer back
$PAD "1"
Shape Roundrect Layer back
position -1.037500  0.000000  size  1.175000  1.450000  orientation 0.00
drill  0.000000
shape_offset  0.000000  0.000000
$EndPAD
$PAD "2"
Shape Roundrect Layer back
position  1.037500  0.000000  size  1.175000  1.450000  orientation 0.00
drill  0.000000
shape_offset  0.000000  0.000000
$EndPAD
$EndMODULE  C8

$MODULE C9
footprint Capacitor_SMD:C_0805_2012Metric_Pad1.18x1.45mm_HandSolder
attribut smd
position 113.700000 80.100000  orientation -90.00
layer back
$PAD "1"
Shape Roundrect Layer back
position -1.037500  0.000000  size  1.175000  1.450000  orientation 360.00
drill  0.000000
shape_offset  0.000000  0.000000
$EndPAD
$PAD "2"
Shape Roundrect Layer back
position  1.037500  0.000000  size  1.175000  1.450000  orientation 360.00
drill  0.000000
shape_offset  0.000000  0.000000
$EndPAD
$EndMODULE  C9

$MODULE C11
footprint Capacitor_SMD:C_0805_2012Metric_Pad1.18x1.45mm_HandSolder
attribut smd
position 112.700000 108.800000  orientation -90.00
layer back
$PAD "1"
Shape Roundrect Layer back
position -1.037500  0.000000  size  1.175000  1.450000  orientation 360.00
drill  0.000000
shape_offset  0.000000  0.000000
$EndPAD
$PAD "2"
Shape Roundrect Layer back
position  1.037500  0.000000  size  1.175000  1.450000  orientation 360.00
drill  0.000000
shape_offset  0.000000  0.000000
$EndPAD
$EndMODULE  C11

$MODULE C12
footprint Capacitor_SMD:C_0805_2012Metric_Pad1.18x1.45mm_HandSolder
attribut smd
position 108.000000 82.100000  orientation 90.00
layer back
$PAD "1"
Shape Roundrect Layer back
position -1.037500  0.000000  size  1.175000  1.450000  orientation 0.00
drill  0.000000
shape_offset  0.000000  0.000000
$EndPAD
$PAD "2"
Shape Roundrect Layer back
position  1.037500  0.000000  size  1.175000  1.450000  orientation 0.00
drill  0.000000
shape_offset  0.000000  0.000000
$EndPAD
$EndMODULE  C12

$MODULE D1
footprint Diode_SMD:D_SOD-123F
attribut smd
position 113.300000 62.300000  orientation 0.00
layer back
$PAD "1"
Shape Roundrect Layer back
position -1.400000  0.000000  size  1.100000  1.100000  orientation 0.00
drill  0.000000
shape_offset  0.000000  0.000000
$EndPAD
$PAD "2"
Shape Roundrect Layer back
position  1.400000  0.000000  size  1.100000  1.100000  orientation 0.00
drill  0.000000
shape_offset  0.000000  0.000000
$EndPAD
$EndMODULE  D1

$MODULE D3
footprint Diode_SMD:D_SOD-123F
attribut smd
position 103.100000 76.100000  orientation -90.00
layer back
$PAD "1"
Shape Roundrect Layer back
position -1.400000  0.000000  size  1.100000  1.100000  orientation 360.00
drill  0.000000
shape_offset  0.000000  0.000000
$EndPAD
$PAD "2"
Shape Roundrect Layer back
position  1.400000  0.000000  size  1.100000  1.100000  orientation 360.00
drill  0.000000
shape_offset  0.000000  0.000000
$EndPAD
$EndMODULE  D3

$MODULE FB1
footprint Inductor_SMD:L_0805_2012Metric
attribut smd
position 113.800000 93.100000  orientation 180.00
layer back
$PAD "1"
Shape Roundrect Layer back
position -1.062500  0.000000  size  0.875000  1.200000  orientation 0.00
drill  0.000000
shape_offset  0.000000  0.000000
$EndPAD
$PAD "2"
Shape Roundrect Layer back
position  1.062500  0.000000  size  0.875000  1.200000  orientation 0.00
drill  0.000000
shape_offset  0.000000  0.000000
$EndPAD
$EndMODULE  FB1

$MODULE J1
footprint mjrskiles:THONKICONN
attribut none
position 107.900000 63.900000  orientation 180.00
layer front
$PAD ""
Shape Circle Layer both
position  0.000000  0.000000  size  1.000000  1.000000  orientation 0.00
drill  3.000000
shape_offset  0.000000  0.000000
$EndPAD
$PAD "1"
Shape Circle Layer both
position  0.000000 -4.920000  size  2.540000  2.540000  orientation 0.00
drill  1.500000
shape_offset  0.000000  0.000000
$EndPAD
$PAD "2"
Shape Circle Layer both
position  0.000000  3.380000  size  2.540000  2.540000  orientation 0.00
drill  1.500000
shape_offset  0.000000  0.000000
$EndPAD
$PAD "3"
Shape Circle Layer both
position  0.000000  6.480000  size  2.540000  2.540000  orientation 0.00
drill  1.500000
shape_offset  0.000000  0.000000
$EndPAD
$EndMODULE  J1

$MODULE J2
footprint mjrskiles:THONKICONN
attribut none
position 108.000000 150.000000  orientation 0.00
layer front
$PAD ""
Shape Circle Layer both
position  0.000000  0.000000  size  1.000000  1.000000  orientation 0.00
drill  3.000000
shape_offset  0.000000  0.000000
$EndPAD
$PAD "1"
Shape Circle Layer both
position  0.000000 -4.920000  size  2.540000  2.540000  orientation 0.00
drill  1.500000
shape_offset  0.000000  0.000000
$EndPAD
$PAD "2"
Shape Circle Layer both
position  0.000000  3.380000  size  2.540000  2.540000  orientation 0.00
drill  1.500000
shape_offset  0.000000  0.000000
$EndPAD
$PAD "3"
Shape Circle Layer both
position  0.000000  6.480000  size  2.540000  2.540000  orientation 0.00
drill  1.500000
shape_offset  0.000000  0.000000
$EndPAD
$EndMODULE  J2

$MODULE J3
footprint Connector_PinHeader_2.54mm:PinHeader_2x05_P2.54mm_Vertical
attribut none
position 102.920000 51.960000  orientation -90.00
layer back
$PAD "1"
Shape Rect Layer both
position  0.000000  0.000000  size  1.700000  1.700000  orientation 360.00
drill  1.000000
shape_offset  0.000000  0.000000
$EndPAD
$PAD "2"
Shape Circle Layer both
position  2.540000  0.000000  size  1.700000  1.700000  orientation 360.00
drill  1.000000
shape_offset  0.000000  0.000000
$EndPAD
$PAD "3"
Shape Circle Layer both
position  0.000000 -2.540000  size  1.700000  1.700000  orientation 360.00
drill  1.000000
shape_offset  0.000000  0.000000
$EndPAD
$PAD "4"
Shape Circle Layer both
position  2.540000 -2.540000  size  1.700000  1.700000  orientation 360.00
drill  1.000000
shape_offset  0.000000  0.000000
$EndPAD
$PAD "5"
Shape Circle Layer both
position  0.000000 -5.080000  size  1.700000  1.700000  orientation 360.00
drill  1.000000
shape_offset  0.000000  0.000000
$EndPAD
$PAD "6"
Shape Circle Layer both
position  2.540000 -5.080000  size  1.700000  1.700000  orientation 360.00
drill  1.000000
shape_offset  0.000000  0.000000
$EndPAD
$PAD "7"
Shape Circle Layer both
position  0.000000 -7.620000  size  1.700000  1.700000  orientation 360.00
drill  1.000000
shape_offset  0.000000  0.000000
$EndPAD
$PAD "8"
Shape Circle Layer both
position  2.540000 -7.620000  size  1.700000  1.700000  orientation 360.00
drill  1.000000
shape_offset  0.000000  0.000000
$EndPAD
$PAD "9"
Shape Circle Layer both
position  0.000000 -10.160000  size  1.700000  1.700000  orientation 360.00
drill  1.000000
shape_offset  0.000000  0.000000
$EndPAD
$PAD "10"
Shape Circle Layer both
position  2.540000 -10.160000  size  1.700000  1.700000  orientation 360.00
drill  1.000000
shape_offset  0.000000  0.000000
$EndPAD
$EndMODULE  J3

$MODULE J4
footprint Connector_PinHeader_2.54mm:PinHeader_2x03_P2.54mm_Vertical
attribut none
position 104.675000 96.725000  orientation -90.00
layer back
$PAD "1"
Shape Rect Layer both
position  0.000000  0.000000  size  1.700000  1.700000  orientation 360.00
drill  1.000000
shape_offset  0.000000  0.000000
$EndPAD
$PAD "2"
Shape Oval Layer both
position  2.540000  0.000000  size  1.700000  1.700000  orientation 360.00
drill  1.000000
shape_offset  0.000000  0.000000
$EndPAD
$PAD "3"
Shape Oval Layer both
position  0.000000 -2.540000  size  1.700000  1.700000  orientation 360.00
drill  1.000000
shape_offset  0.000000  0.000000
$EndPAD
$PAD "4"
Shape Oval Layer both
position  2.540000 -2.540000  size  1.700000  1.700000  orientation 360.00
drill  1.000000
shape_offset  0.000000  0.000000
$EndPAD
$PAD "5"
Shape Oval Layer both
position  0.000000 -5.080000  size  1.700000  1.700000  orientation 360.00
drill  1.000000
shape_offset  0.000000  0.000000
$EndPAD
$PAD "6"
Shape Oval Layer both
position  2.540000 -5.080000  size  1.700000  1.700000  orientation 360.00
drill  1.000000
shape_offset  0.000000  0.000000
$EndPAD
$EndMODULE  J4

$MODULE LED1
footprint LED_THT:LED_D5.0mm-4_RGB
attribut none
position 106.095000 120.000000  orientation 0.00
layer front
$PAD "1"
Shape Rect Layer both
position  0.000000  0.000000  size  1.070000  1.800000  orientation 0.00
drill  0.900000
shape_offset  0.000000  0.000000
$EndPAD
$PAD "2"
Shape Oval Layer both
position  1.270000  0.000000  size  1.070000  1.800000  orientation 0.00
drill  0.900000
shape_offset  0.000000  0.000000
$EndPAD
$PAD "3"
Shape Oval Layer both
position  2.540000  0.000000  size  1.070000  1.800000  orientation 0.00
drill  0.900000
shape_offset  0.000000  0.000000
$EndPAD
$PAD "4"
Shape Oval Layer both
position  3.810000  0.000000  size  1.070000  1.800000  orientation 0.00
drill  0.900000
shape_offset  0.000000  0.000000
$EndPAD
$EndMODULE  LED1

$MODULE LED2
footprint LED_THT:LED_D5.0mm-4_RGB
attribut none
position 109.905000 135.000000  orientation 180.00
layer front
$PAD "1"
Shape Rect Layer both
position  0.000000  0.000000  size  1.070000  1.800000  orientation 0.00
drill  0.900000
shape_offset  0.000000  0.000000
$EndPAD
$PAD "2"
Shape Oval Layer both
position  1.270000  0.000000  size  1.070000  1.800000  orientation 0.00
drill  0.900000
shape_offset  0.000000  0.000000
$EndPAD
$PAD "3"
Shape Oval Layer both
position  2.540000  0.000000  size  1.070000  1.800000  orientation 0.00
drill  0.900000
shape_offset  0.000000  0.000000
$EndPAD
$PAD "4"
Shape Oval Layer both
position  3.810000  0.000000  size  1.070000  1.800000  orientation 0.00
drill  0.900000
shape_offset  0.000000  0.000000
$EndPAD
$EndMODULE  LED2

$MODULE Q1
footprint Package_TO_SOT_SMD:SOT-23
attribut smd
position 111.962500 140.650000  orientation 180.00
layer back
$PAD "1"
Shape Roundrect Layer back
position -0.937500  0.950000  size  1.475000  0.600000  orientation 0.00
drill  0.000000
shape_offset  0.000000  0.000000
$EndPAD
$PAD "2"
Shape Roundrect Layer back
position -0.937500 -0.950000  size  1.475000  0.600000  orientation 0.00
drill  0.000000
shape_offset  0.000000  0.000000
$EndPAD
$PAD "3"
Shape Roundrect Layer back
position  0.937500  0.000000  size  1.475000  0.600000  orientation 0.00
drill  0.000000
shape_offset  0.000000  0.000000
$EndPAD
$EndMODULE  Q1

$MODULE R1
footprint Resistor_SMD:R_0805_2012Metric_Pad1.20x1.40mm_HandSolder
attribut smd
position 101.200000 92.400000  orientation 90.00
layer back
$PAD "1"
Shape Roundrect Layer back
position -1.000000  0.000000  size  1.200000  1.400000  orientation 0.00
drill  0.000000
shape_offset  0.000000  0.000000
$EndPAD
$PAD "2"
Shape Roundrect Layer back
position  1.000000  0.000000  size  1.200000  1.400000  orientation 0.00
drill  0.000000
shape_offset  0.000000  0.000000
$EndPAD
$EndMODULE  R1

$MODULE R2
footprint Resistor_SMD:R_0805_2012Metric_Pad1.20x1.40mm_HandSolder
attribut smd
position 103.200000 92.400000  orientation -90.00
layer back
$PAD "1"
Shape Roundrect Layer back
position -1.000000  0.000000  size  1.200000  1.400000  orientation 360.00
drill  0.000000
shape_offset  0.000000  0.000000
$EndPAD
$PAD "2"
Shape Roundrect Layer back
position  1.000000  0.000000  size  1.200000  1.400000  orientation 360.00
drill  0.000000
shape_offset  0.000000  0.000000
$EndPAD
$EndMODULE  R2

$MODULE R3
footprint Resistor_SMD:R_0805_2012Metric_Pad1.20x1.40mm_HandSolder
attribut smd
position 104.100000 68.800000  orientation 180.00
layer back
$PAD "1"
Shape Roundrect Layer back
position -1.000000  0.000000  size  1.200000  1.400000  orientation 0.00
drill  0.000000
shape_offset  0.000000  0.000000
$EndPAD
$PAD "2"
Shape Roundrect Layer back
position  1.000000  0.000000  size  1.200000  1.400000  orientation 0.00
drill  0.000000
shape_offset  0.000000  0.000000
$EndPAD
$EndMODULE  R3

$MODULE R4
footprint Resistor_SMD:R_0805_2012Metric_Pad1.20x1.40mm_HandSolder
attribut smd
position 112.700000 104.900000  orientation 90.00
layer back
$PAD "1"
Shape Roundrect Layer back
position -1.000000  0.000000  size  1.200000  1.400000  orientation 0.00
drill  0.000000
shape_offset  0.000000  0.000000
$EndPAD
$PAD "2"
Shape Roundrect Layer back
position  1.000000  0.000000  size  1.200000  1.400000  orientation 0.00
drill  0.000000
shape_offset  0.000000  0.000000
$EndPAD
$EndMODULE  R4

$MODULE R5
footprint Resistor_SMD:R_0805_2012Metric_Pad1.20x1.40mm_HandSolder
attribut smd
position 113.700000 84.000000  orientation 90.00
layer back
$PAD "1"
Shape Roundrect Layer back
position -1.000000  0.000000  size  1.200000  1.400000  orientation 0.00
drill  0.000000
shape_offset  0.000000  0.000000
$EndPAD
$PAD "2"
Shape Roundrect Layer back
position  1.000000  0.000000  size  1.200000  1.400000  orientation 0.00
drill  0.000000
shape_offset  0.000000  0.000000
$EndPAD
$EndMODULE  R5

$MODULE R6
footprint Resistor_SMD:R_0805_2012Metric_Pad1.20x1.40mm_HandSolder
attribut smd
position 108.000000 139.800000  orientation 0.00
layer back
$PAD "1"
Shape Roundrect Layer back
position -1.000000  0.000000  size  1.200000  1.400000  orientation 0.00
drill  0.000000
shape_offset  0.000000  0.000000
$EndPAD
$PAD "2"
Shape Roundrect Layer back
position  1.000000  0.000000  size  1.200000  1.400000  orientation 0.00
drill  0.000000
shape_offset  0.000000  0.000000
$EndPAD
$EndMODULE  R6

$MODULE R7
footprint Resistor_SMD:R_0805_2012Metric_Pad1.20x1.40mm_HandSolder
attribut smd
position 108.000000 142.200000  orientation 180.00
layer back
$PAD "1"
Shape Roundrect Layer back
position -1.000000  0.000000  size  1.200000  1.400000  orientation 0.00
drill  0.000000
shape_offset  0.000000  0.000000
$EndPAD
$PAD "2"
Shape Roundrect Layer back
position  1.000000  0.000000  size  1.200000  1.400000  orientation 0.00
drill  0.000000
shape_offset  0.000000  0.000000
$EndPAD
$EndMODULE  R7

$MODULE R8
footprint Resistor_SMD:R_0805_2012Metric_Pad1.20x1.40mm_HandSolder
attribut smd
position 107.400000 114.900000  orientation 90.00
layer back
$PAD "1"
Shape Roundrect Layer back
position -1.000000  0.000000  size  1.200000  1.400000  orientation 0.00
drill  0.000000
shape_offset  0.000000  0.000000
$EndPAD
$PAD "2"
Shape Roundrect Layer back
position  1.000000  0.000000  size  1.200000  1.400000  orientation 0.00
drill  0.000000
shape_offset  0.000000  0.000000
$EndPAD
$EndMODULE  R8

$MODULE REF**
footprint mjrskiles:Quincy_FLAG_LOGO
attribut virtual
position 116.300000 150.979167  orientation 180.00
layer back
$EndMODULE  REF**

$MODULE SW1
footprint Button_Switch_THT:SW_PUSH_6mm
attribut none
position 105.750000 109.250000  orientation 90.00
layer front
$PAD "1"
Shape Circle Layer both
position  0.000000  0.000000  size  2.000000  2.000000  orientation 90.00
drill  1.100000
shape_offset  0.000000  0.000000
$EndPAD
$PAD "1"
Shape Circle Layer both
position  6.500000  0.000000  size  2.000000  2.000000  orientation 90.00
drill  1.100000
shape_offset  0.000000  0.000000
$EndPAD
$PAD "2"
Shape Circle Layer both
position  0.000000  4.500000  size  2.000000  2.000000  orientation 90.00
drill  1.100000
shape_offset  0.000000  0.000000
$EndPAD
$PAD "2"
Shape Circle Layer both
position  6.500000  4.500000  size  2.000000  2.000000  orientation 90.00
drill  1.100000
shape_offset  0.000000  0.000000
$EndPAD
$EndMODULE  SW1

$MODULE SW2
footprint Button_Switch_THT:SW_PUSH_6mm
attribut none
position 104.750000 79.750000  orientation 0.00
layer front
$PAD "1"
Shape Circle Layer both
position  0.000000  0.000000  size  2.000000  2.000000  orientation 90.00
drill  1.100000
shape_offset  0.000000  0.000000
$EndPAD
$PAD "1"
Shape Circle Layer both
position  6.500000  0.000000  size  2.000000  2.000000  orientation 90.00
drill  1.100000
shape_offset  0.000000  0.000000
$EndPAD
$PAD "2"
Shape Circle Layer both
position  0.000000  4.500000  size  2.000000  2.000000  orientation 90.00
drill  1.100000
shape_offset  0.000000  0.000000
$EndPAD
$PAD "2"
Shape Circle Layer both
position  6.500000  4.500000  size  2.000000  2.000000  orientation 90.00
drill  1.100000
shape_offset  0.000000  0.000000
$EndPAD
$EndMODULE  SW2

$MODULE U1
footprint Package_TO_SOT_SMD:SOT-223-3_TabPin2
attribut smd
position 109.000000 74.300000  orientation 180.00
layer back
$PAD "1"
Shape Roundrect Layer back
position -3.150000  2.300000  size  2.000000  1.500000  orientation 0.00
drill  0.000000
shape_offset  0.000000  0.000000
$EndPAD
$PAD "2"
Shape Roundrect Layer back
position -3.150000  0.000000  size  2.000000  1.500000  orientation 0.00
drill  0.000000
shape_offset  0.000000  0.000000
$EndPAD
$PAD "2"
Shape Roundrect Layer back
position  3.150000  0.000000  size  2.000000  3.800000  orientation 0.00
drill  0.000000
shape_offset  0.000000  0.000000
$EndPAD
$PAD "3"
Shape Roundrect Layer back
position -3.150000 -2.300000  size  2.000000  1.500000  orientation 0.00
drill  0.000000
shape_offset  0.000000  0.000000
$EndPAD
$EndMODULE  U1

$MODULE U2
footprint Package_SO:SOIC-8W_5.3x5.3mm_P1.27mm
attribut smd
position 109.000000 89.000000  orientation 0.00
layer back
$PAD "1"
Shape Rect Layer back
position -3.650000  1.905000  size  1.700000  0.650000  orientation 0.00
drill  0.000000
shape_offset  0.000000  0.000000
$EndPAD
$PAD "2"
Shape Rect Layer back
position -3.650000  0.635000  size  1.700000  0.650000  orientation 0.00
drill  0.000000
shape_offset  0.000000  0.000000
$EndPAD
$PAD "3"
Shape Rect Layer back
position -3.650000 -0.635000  size  1.700000  0.650000  orientation 0.00
drill  0.000000
shape_offset  0.000000  0.000000
$EndPAD
$PAD "4"
Shape Rect Layer back
position -3.650000 -1.905000  size  1.700000  0.650000  orientation 0.00
drill  0.000000
shape_offset  0.000000  0.000000
$EndPAD
$PAD "5"
Shape Rect Layer back
position  3.650000 -1.905000  size  1.700000  0.650000  orientation 0.00
drill  0.000000
shape_offset  0.000000  0.000000
$EndPAD
$PAD "6"
Shape Rect Layer back
position  3.650000 -0.635000  size  1.700000  0.650000  orientation 0.00
drill  0.000000
shape_offset  0.000000  0.000000
$EndPAD
$PAD "7"
Shape Rect Layer back
position  3.650000  0.635000  size  1.700000  0.650000  orientation 0.00
drill  0.000000
shape_offset  0.000000  0.000000
$EndPAD
$PAD "8"
Shape Rect Layer back
position  3.650000  1.905000  size  1.700000  0.650000  orientation 0.00
drill  0.000000
shape_offset  0.000000  0.000000
$EndPAD
$EndMODULE  U2

$EndDESCRIPTION
